android/app/build/outputs/mapping/release/seeds.txt
com.aplusscore.android.rtsp.RtspSegmentRecorderModule
com.aplusscore.android.uvc.UvcProbeModule
com.aplusscore.android.MainApplication
com.aplusscore.android.video.VideoStorageModule
com.aplusscore.android.MainActivity
com.aplusscore.android.video.ReplayOverlayModule
com.aplusscore.android.deviceconfig.ScreenMetricsModule
com.aplusscore.android.uvc.UvcCameraViewManager
com.aplusscore.android.rtsp.RtspSegmentRecorderModule: android.media.MediaExtractor extractor
com.aplusscore.android.uvc.UvcProbeModule: com.facebook.react.bridge.ReactApplicationContext reactContext
com.aplusscore.android.rtsp.RtspSegmentRecorderModule: android.media.MediaMuxer muxer
com.aplusscore.android.uvc.UvcProbeModule: java.lang.String NAME
com.aplusscore.android.rtsp.RtspSegmentRecorderModule: com.facebook.react.bridge.ReactApplicationContext reactContext
com.aplusscore.android.rtsp.RtspSegmentRecorderModule: java.lang.Thread worker
com.aplusscore.android.rtsp.RtspSegmentRecorderModule: java.lang.String lastError
com.aplusscore.android.rtsp.RtspSegmentRecorderModule: java.lang.String currentOutputPath
com.aplusscore.android.video.VideoStorageModule: com.facebook.react.bridge.ReactApplicationContext reactContext
com.aplusscore.android.deviceconfig.ScreenMetricsModule: com.facebook.react.bridge.ReactApplicationContext reactContext
com.aplusscore.android.uvc.UvcProbeModule: com.aplusscore.android.uvc.UvcProbeModule$Companion Companion
com.aplusscore.android.uvc.UvcProbeModule: long MIN_USB_SHORT_REPLAY_BYTES
com.aplusscore.android.uvc.UvcProbeModule: long MIN_VALID_RECORDING_BYTES
com.aplusscore.android.rtsp.RtspSegmentRecorderModule: boolean running
com.aplusscore.android.uvc.UvcProbeModule: java.lang.String TAG
com.aplusscore.android.uvc.UvcCameraViewManager: android.view.View getChildAt(android.view.View,int)
com.aplusscore.android.uvc.UvcCameraViewManager: void setFullscreenMode(com.aplusscore.android.uvc.UvcCameraView,boolean)
com.aplusscore.android.uvc.UvcCameraViewManager: boolean needsCustomLayoutForChildren()
com.aplusscore.android.uvc.UvcCameraViewManager: void onDropViewInstance(android.view.View)
com.aplusscore.android.rtsp.RtspSegmentRecorderModule: RtspSegmentRecorderModule(com.facebook.react.bridge.ReactApplicationContext)
com.aplusscore.android.uvc.UvcProbeModule: void requestLayout$lambda$2(com.aplusscore.android.uvc.UvcCameraView,java.lang.String)
com.aplusscore.android.uvc.UvcCameraViewManager: void onDropViewInstance(com.aplusscore.android.uvc.UvcCameraView)
com.aplusscore.android.MainApplication: MainApplication()
com.aplusscore.android.uvc.UvcCameraViewManager: void addView(android.view.ViewGroup,android.view.View,int)
com.aplusscore.android.uvc.UvcCameraViewManager: void addView(android.view.View,android.view.View,int)
com.aplusscore.android.rtsp.RtspSegmentRecorderModule: void start$lambda$1(com.aplusscore.android.rtsp.RtspSegmentRecorderModule,java.lang.String,java.lang.String,java.util.concurrent.atomic.AtomicBoolean,java.util.concurrent.atomic.AtomicBoolean,com.facebook.react.bridge.Promise)
com.aplusscore.android.video.VideoStorageModule: void exportVideoToPublicMovies(java.lang.String,java.lang.String,java.lang.String,com.facebook.react.bridge.Promise)
com.aplusscore.android.rtsp.RtspSegmentRecorderModule: void stop(com.facebook.react.bridge.Promise)
com.aplusscore.android.video.VideoStorageModule: void exportWithPublicFile(java.io.File,java.lang.String,java.lang.String,com.facebook.react.bridge.Promise)
com.aplusscore.android.uvc.UvcCameraView: java.lang.Object getUvcControl()
com.aplusscore.android.uvc.UvcCameraViewManager: void removeViewAt(android.view.View,int)
com.aplusscore.android.video.VideoStorageModule: void exportWithMediaStore(java.io.File,java.lang.String,java.lang.String,com.facebook.react.bridge.Promise)
com.aplusscore.android.uvc.UvcProbeModule: void listUsbDevices(com.facebook.react.bridge.Promise)
com.aplusscore.android.uvc.UvcCameraViewManager: void removeAllViews(com.aplusscore.android.uvc.UvcCameraView)
...
com.facebook.react.views.text.ReactBaseTextShadowNode: void setAccessibilityRole(java.lang.String)
androidx.recyclerview.widget.RecyclerView: androidx.recyclerview.widget.RecyclerView$EdgeEffectFactory getEdgeEffectFactory()
com.bleplx.BlePlxModule: void cancelTransaction(java.lang.String,com.facebook.react.bridge.Promise)
com.google.android.material.bottomappbar.BottomAppBar$Behavior: BottomAppBar$Behavior(android.content.Context,android.util.AttributeSet)
com.serenegiant.usb.UVCControl: int[] nativeObtainGammaLimit(long)
com.herohan.uvcapp.ICameraConnection: void setFrameCallback(android.hardware.usb.UsbDevice,com.serenegiant.usb.IFrameCallback,int)
com.facebook.react.views.text.frescosupport.FrescoBasedReactTextInlineImageShadowNode: void setHeaders(com.facebook.react.bridge.ReadableMap)
com.serenegiant.usb.UVCControl: int nativeGetScanningMode(long)
androidx.appcompat.widget.AppCompatToggleButton: android.content.res.ColorStateList getSupportBackgroundTintList()
com.facebook.fbreact.specs.NativeDevSettingsSpec: java.lang.String getName()
com.facebook.react.bridge.JavaMethodWrapper$4: java.lang.Integer extractArgument(com.facebook.react.bridge.JSInstance,com.facebook.react.bridge.ReadableArray,int)
com.serenegiant.usb.USBVendorId: USBVendorId()
com.mrousavy.camera.core.types.Position: com.mrousavy.camera.core.types.Position[] values()
com.facebook.react.uimanager.LayoutShadowNode: void setPaddings(int,com.facebook.react.bridge.Dynamic)
com.facebook.fbreact.specs.NativeExceptionsManagerSpec: void reportSoftException(java.lang.String,com.facebook.react.bridge.ReadableArray,double)
androidx.camera.core.internal.compat.quirk.ImageCaptureRotationOptionQuirk: ImageCaptureRotationOptionQuirk()
com.th3rdwave.safeareacontext.SafeAreaContextModule: java.lang.String getName()
com.swmansion.gesturehandler.react.RNGestureHandlerRootViewManager: java.util.Map getExportedCustomDirectEventTypeConstants()
com.facebook.fbreact.specs.NativeDevSettingsSpec: void onFastRefresh()
com.serenegiant.usb.UVCControl: int getGamma()
com.horcrux.svg.RenderableViewManager$LineViewManager: void setFillRule(android.view.View,int)
com.reactnativecommunity.asyncstorage.AsyncStorageModule: AsyncStorageModule(com.facebook.react.bridge.ReactApplicationContext,java.util.concurrent.Executor)
com.facebook.react.animated.NativeAnimatedModule: void stopAnimation(double)
com.facebook.react.views.scroll.ReactHorizontalScrollViewManager: android.view.View createViewInstance(com.facebook.react.uimanager.ThemedReactContext)
androidx.fragment.app.FragmentContainerView: void setLayoutTransition(android.animation.LayoutTransition)
com.google.android.material.button.MaterialButton: android.graphics.PorterDuff$Mode getSupportBackgroundTintMode()
androidx.camera.core.impl.Config$OptionPriority: androidx.camera.core.impl.Config$OptionPriority[] values()
androidx.appcompat.widget.AppCompatCheckBox: void setFilters(android.text.InputFilter[])
com.facebook.react.ReactRootView: int getWidthMeasureSpec()
com.serenegiant.opengl.EGLTask: void init(com.serenegiant.opengl.EGLBase$IContext,int,int)
com.facebook.react.bridge.JavaScriptModuleRegistry: java.lang.String getJSModuleName(java.lang.Class)
android.support.v4.media.AudioAttributesCompatParcelizer: AudioAttributesCompatParcelizer()
androidx.appcompat.widget.AppCompatTextHelper$Api28Impl: android.graphics.Typeface create(android.graphics.Typeface,int,boolean)
com.facebook.react.bridge.queue.MessageQueueThreadImpl: void resetPerfStats()
androidx.appcompat.widget.AppCompatRadioButton: void setFilters(android.text.InputFilter[])
com.facebook.react.views.text.ReactTextViewManager: java.lang.Object updateState(android.view.View,com.facebook.react.uimanager.ReactStylesDiffMap,com.facebook.react.uimanager.StateWrapper)
com.facebook.fbreact.specs.NativeAnimatedModuleSpec: void connectAnimatedNodeToView(double,double)
androidx.constraintlayout.widget.Barrier: int getMargin()